         w __deregister_frame_info
         w __register_frame_info
         w __syscall_lock_close_recursive
00000000 00000802 B __ctru_dev_utf16_buf
00000000 b _TLS_MODULE_BASE_
00000000 a shift
00000000 a shift
00000804 00000401 B __ctru_dev_path_buf
00100000 A __start__
00100000 T _start
00100008 T __service_ptr
0010000c T __apt_appid
00100010 T __heap_size
00100014 T __linear_heap_size
00100018 T __system_arglist
0010001c T __system_runflags
00100020 t startup
00100058 t ClearMem
0010006c t ClrLoop
00100094 T _init
001000ac 0000001c T ptmsysmInit
001000c8 00000018 T ptmsysmExit
001000e0 00000054 T ptmsysmSetInfoLedPattern
00100134 0000007c T fixcolor
001001b0 00000054 T stfuled
00100204 00000044 W __appInit
00100248 00000050 W __appExit
00100298 00000214 T main
001004ac 0000001c T mcuInit
001004c8 00000018 T mcuExit
001004e0 0000004c T mcuReadRegister
0010052c 0000004c T mcuWriteRegister
00100578 t .udivsi3_skip_div0_test
00100578 T __aeabi_uidiv
00100578 000001ec T __udivsi3
00100764 00000020 T __aeabi_uidivmod
00100784 T __aeabi_idiv
00100784 00000220 T __divsi3
0010078c t .divsi3_skip_div0_test
001009a4 00000020 T __aeabi_idivmod
001009c4 00000004 W __aeabi_idiv0
001009c4 00000004 W __aeabi_ldiv0
001009c8 T __aeabi_ldivmod
00100a9c T __aeabi_uldivmod
00100ae8 00000390 T strcmp
00100e70 T __aeabi_drsub
00100e78 000002b0 T __aeabi_dsub
00100e78 000002b0 T __subdf3
00100e7c 000002ac T __adddf3
00100e7c 000002ac T __aeabi_dadd
00101128 00000024 T __aeabi_ui2d
00101128 00000024 T __floatunsidf
0010114c 00000028 T __aeabi_i2d
0010114c 00000028 T __floatsidf
00101174 00000048 T __aeabi_f2d
00101174 00000048 T __extendsfdf2
001011bc 00000074 T __aeabi_ul2d
001011bc 00000074 T __floatundidf
001011d0 00000060 T __aeabi_l2d
001011d0 00000060 T __floatdidf
00101230 t __do_global_dtors_aux
00101270 t frame_dummy
0010129c 00000024 t addrMapNodeComparator(rbtree_node const*, rbtree_node const*)
001012c0 00000004 t addrMapNodeDestructor(rbtree_node*)
001012c4 00000120 T linearMemAlign
001013e4 00000008 T linearAlloc
001013ec 0000005c T linearFree
00101448 00000080 T MemPool::CoalesceRight(MemBlock*)
001014c8 0000016c T MemPool::Allocate(MemChunk&, unsigned long, int)
00101634 000000fc T MemPool::Deallocate(MemChunk const&)
00101730 00000030 T MemPool::GetFreeSpace()
00101760 00000008 t romfs_close
00101768 000000c0 t romfs_seek
00101828 00000024 t romfs_dirreset
0010184c 000000c8 t fill_dir
00101914 0000028c t romfs_dirnext
00101ba0 00000084 t romfs_free
00101c24 000000d4 t searchForFile.constprop.0
00101cf8 000000d8 t searchForDir.constprop.0
00101dd0 000001c0 t navigateToDir.constprop.0
00101f90 0000010c t romfs_open
0010209c 0000004c t romfs_chdir
001020e8 00000070 t romfs_diropen
00102158 00000174 t romfs_stat
001022cc 00000008 t romfs_dirclose
001022d8 00000084 t romfs_fstat
0010235c 000000d0 t romfs_read
0010242c 0000028c T romfsMountFromFile
001026b8 00000098 T romfsMountFromCurrentProcess
00102750 00000260 T romfsMountSelf
001029b0 000000a0 T romfsUnmount
00102a50 000001e8 t parseColor
00102c38 000001ac T consoleDrawChar
00102de4 00000124 T consolePrintChar
00102f08 00000b94 T con_write
00103a9c 000000fc t newRow
00103b98 00000168 T consoleInit
00103d00 00000130 T srvInit
00103e30 00000058 T srvExit
00103e88 000000a0 T srvGetServiceHandleDirect
00103f28 00000038 T srvGetServiceHandle
00103f60 00000038 T srvPublishToSubscriber
00103f98 00000014 t archive_link
00103fac 00000014 t archive_dirreset
00103fc0 00000014 t archive_chmod
00103fd4 00000024 t error_cmp
00103ff8 00000050 t archive_translate_error
00104048 000000c8 t archive_seek
00104110 0000007c t _archiveInit.part.0
0010418c 000000c4 t archiveFindDevice.part.0
00104250 0000025c t archive_utf16path
001044ac 000000a0 t _archiveUnmountDeviceStruct.part.0
0010454c 00000014 t archive_fchmod
00104560 00000014 t archive_statvfs
00104574 00000164 t _archiveMountDevice
001046d8 000000e8 t archive_diropen
001047c0 000000a4 t archive_fstat
00104864 0000006c t archive_close
001048d0 0000006c t archive_fsync
0010493c 00000070 t archive_dirclose
001049ac 000000e8 t sdmc_statvfs
00104a94 000000ec t archive_chdir
00104b80 0000007c t archive_ftruncate
00104bfc 000000ac t archive_read
00104ca8 000000a4 t archive_unlink
00104d4c 000000bc t archive_rmdir
00104e08 000000dc t archive_mkdir
00104ee4 0000019c t archive_stat
00105080 0000015c t archive_dirnext
001051dc 000000ec t archive_write
001052c8 000001d4 t archive_open
0010549c 00000278 t archive_rename
00105714 0000019c T archiveMountSdmc
001058b0 00000054 T archiveUnmountAll
00105904 000000d0 t gfxPresentFramebuffer
001059d4 0000001c T gfxIsWide
001059f0 000000ec T gfxSetScreenFormat
00105adc 00000010 T gfxSetDoubleBuffering
00105aec 000000e0 T gfxInit
00105bcc 00000010 T gfxInitDefault
00105bdc 000000b4 T gfxExit
00105c90 000000a0 T gfxGetFramebuffer
00105d30 00000104 T gfxFlushBuffers
00105e34 00000050 T gfxSwapBuffers
00105e84 00000050 T gfxSwapBuffersGpu
00105ed4 00000c58 t gspHardwareInit
00106b2c 00000248 T gspInit
00106d74 000000f0 T gspExit
00106e64 00000010 T gspHasGpuRight
00106e74 000000a0 T gspPresentBuffer
00106f14 00000044 T gspWaitForEvent
00106f58 00000004 W gxCmdQueueInterrupt
00106f5c 00000158 t gspEventThreadMain
001070b4 00000050 T GSPGPU_FlushDataCache
00107104 00000034 T GSPGPU_SetLcdForceBlack
00107138 00000068 T GSPGPU_AcquireRight
001071a0 0000002c T GSPGPU_RestoreVramSysArea
001071cc 0000008c T acInit
00107258 0000003c T acExit
00107294 00000008 W aptDspSleep
0010729c 00000004 W aptDspWakeup
001072a0 00000004 W aptDspCancel
001072a4 00000158 T aptSendCommand
00107400 00000044 t aptExitProcess
00107444 000002f4 T aptExit
00107738 00000020 T APT_HardwareResetAsync
00107758 00000084 T APT_SleepIfShellClosed
001077dc 00000084 T APT_UnlockTransition
00107860 000004a4 t aptEventHandler
00107d04 000000b0 T APT_ReceiveParameter
00107db4 000000b0 t aptReceiveParameter.constprop.0
00107e64 00000344 t aptWaitForWakeUp.isra.0
001081a8 0000022c T aptInit
001083d4 0000007c T APT_CheckNew3DS
00108450 00000024 W hidShouldUseIrrst
00108474 0000018c T hidInit
00108600 000000e8 T hidExit
001086e8 0000000c T srvPmGetSessionHandle
001086f4 000000cc T fsInit
001087c0 0000003c T fsExit
001087fc 00000060 T fsExemptFromSession
0010885c 00000050 T fsUnexemptFromSession
001088ac 000000cc T FSUSER_OpenFile
00108978 000000d4 T FSUSER_OpenFileDirectly
00108a4c 000000bc T FSUSER_DeleteFile
00108b08 000000f8 T FSUSER_RenameFile
00108c00 000000bc T FSUSER_DeleteDirectory
00108cbc 000000d4 T FSUSER_CreateFile
00108d90 000000c4 T FSUSER_CreateDirectory
00108e54 000000f8 T FSUSER_RenameDirectory
00108f4c 000000b4 T FSUSER_OpenDirectory
00109000 00000098 T FSUSER_OpenArchive
00109098 0000008c T FSUSER_CloseArchive
00109124 00000074 T FSUSER_GetSdmcArchiveResource
00109198 00000064 T FSUSER_IsSdmcWritable
001091fc 00000058 T FSFILE_Read
00109254 00000060 T FSFILE_Write
001092b4 0000003c T FSFILE_GetSize
001092f0 00000028 T FSFILE_SetSize
00109318 0000003c T FSFILE_Close
00109354 00000024 T FSFILE_Flush
00109378 00000050 T FSDIR_Read
001093c8 0000003c T FSDIR_Close
00109404 00000010 T rbtree_init
00109414 000001b4 t do_insert
001095c8 00000008 T rbtree_insert
001095d0 00000090 T rbtree_rotate
00109660 00000318 T rbtree_remove
00109978 00000074 T rbtree_find
001099ec 000000e8 T utf16_to_utf8
00109ad4 00000064 T decode_utf16
00109b38 0000013c T decode_utf8
00109c74 000000c0 T utf8_to_utf16
00109d38 000001e0 W __system_allocateHeaps
00109f18 00000038 W __libctru_init
00109f50 00000170 W __system_initArgv
0010a0c0 T svcControlMemory
0010a0e0 T svcQueryMemory
0010a110 T svcExitProcess
0010a118 T svcCreateThread
0010a138 T svcExitThread
0010a140 T svcSleepThread
0010a148 T svcReleaseMutex
0010a150 T svcCreateEvent
0010a164 T svcSignalEvent
0010a16c T svcClearEvent
0010a174 T svcMapMemoryBlock
0010a17c T svcUnmapMemoryBlock
0010a184 T svcCreateAddressArbiter
0010a198 T svcArbitrateAddressNoTimeout
0010a1a0 T svcCloseHandle
0010a1a8 T svcWaitSynchronization
0010a1b0 T svcWaitSynchronizationN
0010a1d8 T svcDuplicateHandle
0010a1ec T svcGetSystemTick
0010a1f4 T svcConnectToPort
0010a208 T svcSendSyncRequest
0010a210 T svcGetResourceLimit
0010a224 T svcGetResourceLimitLimitValues
0010a22c T svcGetResourceLimitCurrentValues
0010a234 T svcBreak
0010a23c W initSystem
0010a28c W __ctru_exit
0010a2a4 T __aeabi_read_tp
0010a2b0 00000024 t addrMapNodeComparator(rbtree_node const*, rbtree_node const*)
0010a2d4 00000004 t addrMapNodeDestructor(rbtree_node*)
0010a2d8 00000250 T vramMemAlignAt
0010a528 0000000c T vramAlloc
0010a534 00000090 T vramFree
0010a5c4 0000000c T __sync_init
0010a5d0 00000018 T __sync_fini
0010a5e8 0000002c T syncArbitrateAddress
0010a614 000000b0 T LightLock_Lock
0010a6c4 00000040 T LightLock_Unlock
0010a704 00000024 T RecursiveLock_Init
0010a728 00000030 T RecursiveLock_Lock
0010a758 00000054 T RecursiveLock_Unlock
0010a7ac 00000040 T LightEvent_Init
0010a7ec 000000a4 T LightEvent_Clear
0010a890 000000c8 T LightEvent_Signal
0010a958 00000050 T LightEvent_TryWait
0010a9a8 000000b0 T LightEvent_Wait
0010aa58 00000084 W envGetHandle
0010aadc 00000050 W envDestroyHandles
0010ab2c 00000054 T osGetTimeRef
0010ab80 000000ec T osGetTime
0010ac6c 00000034 T __ctru_speedup_config
0010aca0 00000178 T threadCreate
0010ae18 0000002c T threadFree
0010ae44 00000024 T threadJoin
0010ae68 00000030 T threadGetCurrent
0010ae98 00000040 T threadExit
0010aed8 00000020 t _thread_begin
0010aef8 000000b4 t mappableFindAddressWithin
0010afac 00000028 T mappableInit
0010afd4 00000080 T mappableAlloc
0010b054 00000004 T mappableFree
0010b058 00000164 T irrstInit
0010b1bc 000000cc T irrstExit
0010b288 00000074 T ptmSysmInit
0010b2fc 0000003c T ptmSysmExit
0010b338 00000034 T PTMSYSM_ConfigureNew3DSCPU
0010b36c 0000005c T rbtree_node_next
0010b3c8 00000054 T encode_utf16
0010b41c 000000e0 T encode_utf8
0010b4fc 00000030 T __syscall_getreent
0010b52c 00000074 T __syscall_gettod_r
0010b5a0 00000004 T __syscall_lock_acquire
0010b5a4 00000004 T __syscall_lock_release
0010b5a8 00000004 T __syscall_lock_init_recursive
0010b5ac 00000004 T __syscall_lock_acquire_recursive
0010b5b0 00000004 T __syscall_lock_release_recursive
0010b5b4 00000004 T __syscall_exit
0010b5b8 00000050 T initThreadVars
0010b608 00000068 T __system_initSyscalls
0010b670 00000090 W __libctru_exit
0010b700 00000120 T __udivmoddi4
0010b820 00000078 T bsearch
0010b898 0000000c T __errno
0010b8a4 00000034 T exit
0010b8d8 0000015c T _fclose_r
0010ba34 00000018 T fclose
0010ba4c 00000234 T __sflush_r
0010bc80 00000094 T _fflush_r
0010bd14 00000038 T fflush
0010bd4c 0000000c T _cleanup_r
0010bd58 00000184 T __sinit
0010bedc 00000134 T __sfp
0010c010 0000000c T __sfp_lock_acquire
0010c01c 0000000c T __sfp_lock_release
0010c028 0000003c T __libc_fini_array
0010c064 00000134 T _fopen_r
0010c198 00000020 T fopen
0010c1b8 000002d0 T _fread_r
0010c488 00000038 T fread
0010c4c0 000000f8 T _malloc_trim_r
0010c5b8 000002e8 T _free_r
0010c8a0 0000001c T _fseek_r
0010c8bc 00000034 T fseek
0010c8f0 00000590 T _fseeko_r
0010ce80 0000002c T ftell
0010ceac 000001b4 T _ftello_r
0010d060 00000068 T _fwalk
0010d0c8 00000070 T _fwalk_reent
0010d138 000000f0 T _fwrite_r
0010d228 00000038 T fwrite
0010d260 00000084 T __libc_init_array
0010d2e4 00000138 T __smakebuf_r
0010d41c 0000008c T __swhatbuf_r
0010d4a8 00000020 T memalign
0010d4c8 0000014c T _memalign_r
0010d614 00000018 T malloc
0010d62c 00000018 T free
0010d644 000007e4 T _malloc_r
0010de28 000000e4 T memchr
0010df0c 000000b0 T memcmp
0010dfbc 00000118 T memcpy
0010e0d4 000000f4 T memset
0010e1c8 0000000c T __malloc_lock
0010e1d4 0000000c T __malloc_unlock
0010e1e0 000001e0 T _perror_r
0010e3c0 00000018 T perror
0010e3d8 00000034 T printf
0010e40c 000000e0 T _puts_r
0010e4ec 00000018 T puts
0010e504 0000001c t lflush
0010e520 00000198 T __srefill_r
0010e6b8 0000002c T rewind
0010e6e4 0000025c T setvbuf
0010e940 00000074 T sscanf
0010e9b4 00000044 T __sread
0010e9f8 00000008 T __seofread
0010ea00 00000068 T __swrite
0010ea68 00000044 T __sseek
0010eaac 00000008 T __sclose
0010eab4 00000130 T strchr
0010ebe4 0000063c T _strerror_r
0010f220 0000005c T strlen
0010f27c 000000e4 T strncat
0010f360 000000e4 T strncmp
0010f444 000000c4 T strncpy
0010f508 00000048 T strnlen
0010f550 000001c4 t _strtoul_l.constprop.0
0010f714 00000004 T _strtoul_r
0010f718 00000028 T strtoul
0010f740 00000050 t get_arg
0010f790 00002c38 T __ssvfscanf_r
001123c8 0000003c T time
00112404 00000008 T _user_strerror
0011240c 0000066c t get_arg
00112a78 0000339c T _vfprintf_r
00115e14 000000d0 t __sbprintf
00115ee4 00000054 T _wcrtomb_r
00115f38 00000028 T _wcsrtombs_r
00115f60 0000013c T __swsetup_r
0011609c 00000114 T __call_exitprocs
001161b0 000001b0 t quorem
00116360 000011f8 T _dtoa_r
00117558 000000a4 T fileno
001175fc 000000c8 T __sflags
001176c4 000004b4 T __sfvwrite_r
00117b78 00000008 T iswspace
00117b80 0000000c T _localeconv_r
00117b8c 00000010 T __locale_mb_cur_max
00117b9c 00000068 T _mbrtowc_r
00117c04 000002f8 T __utf8_mbtowc
00117efc 00000150 T memmove
0011804c 00000088 T _Balloc
001180d4 0000001c T _Bfree
001180f0 000000f4 T __multadd
001181e4 00000110 T __s2b
001182f4 00000060 T __hi0bits
00118354 0000009c T __lo0bits
001183f0 000000a8 T __i2b
00118498 00000204 T __multiply
0011869c 00000124 T __pow5mult
001187c0 00000140 T __lshift
00118900 00000058 T __mcmp
00118958 000001ec T __mdiff
00118b44 00000068 T __ulp
00118bac 000000d0 T __b2d
00118c7c 00000120 T __d2b
00118d9c 00000078 T __ratio
00118e14 00000088 T __copybits
00118e9c 0000005c T __any_on
00118ef8 00000020 T realloc
00118f18 000004a0 T _realloc_r
001193b8 000000f4 T __sccl
001194ac 0000000c T nanf
001194b8 00000088 T frexp
00119540 00000064 T sprintf
001195a4 000000cc T stpncpy
00119670 00000064 t sulp
001196d8 000013a8 T _strtod_l
0011aa80 0000000c T _strtod_r
0011aa8c 0000022c t _strtoll_l.constprop.0
0011acb8 00000004 T _strtoll_r
0011acbc 000001a4 t _strtol_l.part.0
0011ae60 0000003c T _strtol_r
0011ae9c 00000244 t _strtoull_l.constprop.0
0011b0e0 00000004 T _strtoull_r
0011b0e4 00000188 T __ssprint_r
0011b26c 000000d4 T _sungetc_r
0011b340 0000006c T __ssrefill_r
0011b3ac 000000c4 T _sfread_r
0011b470 0000066c t get_arg
0011bae0 00003334 T _svfprintf_r
0011ee14 000000a8 T __submore
0011eebc 0000066c t get_arg
0011f528 00000030 T __sprint_r
0011f558 000022ec T _vfiprintf_r
00121844 000000d0 t __sbprintf
00121914 00000188 T _wcsnrtombs_l
00121a9c 0000004c T _wcsnrtombs_r
00121ae8 000000f0 T __utf8_wctomb
00121bd8 0000005c T __assert_func
00121c34 000000c0 T _calloc_r
00121cf4 0000003c T fiprintf
00121d30 000000f0 t rshift
00121e20 00000814 T __gethex
00122634 0000004c T __match
00122680 0000029c T __hexnan
0012291c 0000003c T iswspace_l
00122958 000001d8 t __jp2uc
00122b30 0000009c T _jp2uc_l
00122bd0 00000010 T nan
00122be0 00000014 T abort
00122bf4 0000008c T category
00122c80 00000090 T _raise_r
00122d10 00000018 T raise
00122d28 00000008 t null_write
00122d30 00000018 T setDefaultDevice
00122d48 000000c8 T FindDevice
00122e10 00000028 T RemoveDevice
00122e38 0000009c T AddDevice
00122ed4 00000020 T GetDeviceOpTab
00122ef4 00000078 T _fstat_r
00122f6c 00000014 T _getpid_r
00122f80 00000030 T _gettimeofday_r
00122fb0 00000008 T _isatty_r
00122fb8 00000014 T _kill_r
00122fcc 00000084 T _lseek_r
00123050 000000c0 T _open_r
00123110 00000080 T _read_r
00123190 00000078 T _sbrk_r
00123208 00000080 T _write_r
00123288 00000020 T _exit
001232a8 000001a4 T _concatenate_path
0012344c 00000140 T chdir
0012358c 00000008 T __flockfile
00123594 00000008 T __funlockfile
0012359c 0000008c T __release_handle
00123628 000000b0 T __alloc_handle
001236d8 0000003c T __get_handle
00123714 000000f4 T _close_r
00123808 0000002c T __getreent
00123834 0000001c T __libc_lock_acquire
00123850 0000001c T __libc_lock_release
0012386c 0000001c T __libc_lock_init_recursive
00123888 0000001c T __libc_lock_acquire_recursive
001238a4 0000001c T __libc_lock_release_recursive
001238c0 0000001c T __libc_lock_close_recursive
001238dc 00000038 T __aeabi_d2lz
001238dc 00000038 T __fixdfdi
00123918 00000040 T __aeabi_d2ulz
00123918 00000040 T __fixunsdfdi
00123958 00000048 T strrchr
001239a0 T _fini
00124160 00000070 r romFS_devoptab
00124248 00000070 r dotab_stdout
001242b8 00000018 r grayScale
001242d0 00000006 r colorCube
001242d8 00000030 r colorTable
00124324 00000030 r error_table
0012435c 00000070 r archive_devoptab
00124400 00000008 r s_sleepWakeEvents.4
00124434 R default_font_bin
00124c34 R default_font_bin_end
00124c3c 00000004 R _global_impure_ptr
00125348 00000022 r basefix.0
001253a8 00000010 r zeroes.0
001253b8 00000010 r blanks.1
001253c8 00000101 R _ctype_
001254dc r .LC2
001255cc 0000000c r p05.0
001255d8 00000028 R __mprec_bigtens
00125600 000000c8 R __mprec_tens
001256d8 00000014 r fpinan.0
001256ec 00000014 r fpi.1
00125700 00000028 r tinytens
00125728 0000006c R __action_table
00125794 0000006c R __state_table
00125800 00000100 R __chclass
00125900 00000010 r zeroes.0
00125910 00000010 r blanks.1
00125920 00000010 r zeroes.0
00125930 00000010 r blanks.1
001259d0 00000100 R __hexdig
00125ae4 00001a7c r d02f4
00127560 0000172a r b02cf
00128c8c 00000040 r a8
00128ccc 000000a2 r a7
00128d70 00000070 r a6
00128de0 0000005b r a3
00128e3c 000000bc r a2
00128ef8 000000bc r a1
00128fb4 00003528 r categories
0012c4dc 00000070 R dotab_stdnull
0012c54c R __tdata_align
0012c550 r 
0012c550 R __exidx_end
0012c550 R __exidx_start
0012d000 00000001 d firstConsoleInit.0
0012d004 00000004 D currentConsole
0012d008 00000048 D defaultConsole
0012d050 W __stacksize__
0012d054 00000004 D _impure_ptr
0012d058 00000460 d impure_data
0012d4b8 00000004 D __malloc_sbrk_base
0012d4bc 00000004 D __malloc_trim_threshold
0012d4c0 00000408 D __malloc_av_
0012d8c8 0000016c D __global_locale
0012da34 0000008c D devoptab_list
0012dac0 00000004 d defaultDevice
0012dac4 00000400 d _current_working_directory
0012dec4 00001000 d handles
0012eec4 0000000c d __stderr_handle
0012eed0 0000000c d __stdout_handle
0012eedc 0000000c d __stdin_handle
0012eef0 d _GLOBAL_OFFSET_TABLE_
0012eefc d __frame_dummy_init_array_entry
0012eefc D __init_array_start
0012eefc B __preinit_array_end
0012eefc B __preinit_array_start
0012eefc D __tdata_lma
0012eefc D __tdata_lma_end
0012ef00 d __do_global_dtors_aux_fini_array_entry
0012ef00 D __fini_array_start
0012ef00 D __init_array_end
0012ef04 D __bss_start__
0012ef04 D __fini_array_end
0012ef04 00000004 B ptmsysmHandle
0012ef08 00000004 B buf
0012ef0c 00000004 B mcuHandle
0012ef10 b completed.1
0012ef14 b object.0
0012ef30 00000008 b sLinearPool
0012ef38 0000000c b sAddrMap
0012ef44 00000004 b romfs_mount_list
0012ef48 00000004 V __romfs_path
0012ef4c 00000048 B currentCopy
0012ef94 00000004 b srvRefCount
0012ef98 00000004 b srvHandle
0012efa0 00000540 b archive_devices
0012f4e0 00000004 b archive_device_cwd
0012f4e4 00000001 b archive_initialized
0012f4e8 00000004 b screenAlloc
0012f4ec 00000004 b screenFree
0012f4f0 00000002 b gfxIsDoubleBuf
0012f4f4 00000002 b gfxCurBuf
0012f4f6 00000001 b gfxIsVram
0012f4f7 00000001 b gfxTopMode
0012f4f8 00000002 b gfxFramebufferFormats
0012f4fc 00000004 b gfxBottomFramebufferMaxSize
0012f500 00000004 b gfxTopFramebufferMaxSize
0012f508 00000008 b gfxBottomFramebuffers
0012f510 00000008 b gfxTopFramebuffers
0012f518 00000007 b gspEventCbOneShot
0012f520 0000001c b gspEventCbData
0012f53c 0000001c b gspEventCb
0012f558 00000038 b gspEvents
0012f590 00000004 b gspLastEvent
0012f594 00000001 b gspRunEvents
0012f598 00000004 b gspEventThread
0012f59c 00000004 b gspEvent
0012f5a0 00000001 b gspGpuRight
0012f5a1 00000001 b gspThreadId
0012f5a4 00000004 b gspSharedMem
0012f5a8 00000004 b gspSharedMemHandle
0012f5ac 00000004 b gspRefCount
0012f5b0 00000004 b gspGpuHandle
0012f5b4 00000004 b acRefCount
0012f5b8 00000004 b acHandle
0012f5bc 00000001 b flagValue.0
0012f5bd 00000001 b flagInit.1
0012f5c0 00000004 b serviceName.6
0012f5c4 00000001 b aptChainloadMediatype
0012f5c8 00000008 b aptChainloadTid
0012f5d0 00000001 b aptChainloadFlags
0012f5d4 00001000 b aptParameters
001305d4 00000004 b aptFlags
001305d8 00000001 b aptHomeButtonState
001305dc 00000004 b aptMessageFuncData
001305e0 00000004 b aptMessageFunc
001305e4 0000000c b aptFirstHook
001305f0 00000001 b aptEventHandlerThreadQuit
001305f4 00000004 b aptEventHandlerThread
001305f8 00000008 b aptSleepEvent
00130600 00000008 b aptReceiveEvent
00130608 00000008 b aptEvents
00130610 00000004 b aptLockHandle
00130614 00000004 b aptRefCount
00130618 00000001 b usingIrrst
0013061c 00000004 b hidRefCount
00130620 00000004 b kUp
00130624 00000004 b kDown
00130628 00000004 b kHeld
0013062c 00000004 b kOld
00130630 00000004 B hidSharedMem
00130634 00000014 B hidEvents
00130648 00000004 B hidMemHandle
0013064c 00000004 B hidHandle
00130650 00000004 b srvPmHandle
00130658 00000080 b fsExemptArchives
001306d8 00000004 b fsuRefCount
001306dc 00000004 b fsuHandle
001306e0 00000004 V __ctru_linear_heap_size
001306e4 00000004 V __ctru_heap_size
001306e8 00000004 B __ctru_linear_heap
001306ec 00000004 B __ctru_heap
001306f0 00000004 B __system_retAddr
001306f4 00000004 B __system_argv
001306f8 00000004 B __system_argc
001306fc b saved_stack
00130708 00000008 b sVramPoolB
00130710 00000008 b sVramPoolA
00130718 0000000c b sAddrMap
00130724 00000004 b arbiter
00130728 00000001 V __ctru_speedup
0013072c 00000004 B __3dslink_host
00130730 00000004 b currentAddr
00130734 00000004 b maxAddr
00130738 00000004 b minAddr
0013073c 00000004 b irrstRefCount
00130740 00000004 b kHeld
00130744 00000004 B irrstSharedMem
00130748 00000004 B irrstEvent
0013074c 00000004 B irrstMemHandle
00130750 00000004 B irrstHandle
00130754 00000004 b ptmSysmRefCount
00130758 00000004 b ptmSysmHandle
0013075c 0000000c b __sinit_recursive_mutex
00130768 0000000c b __sfp_recursive_mutex
00130774 00000028 B __malloc_current_mallinfo
0013079c 00000004 B __malloc_max_total_mem
001307a0 00000004 B __malloc_max_sbrked_mem
001307a4 00000004 B __malloc_top_pad
001307a8 0000000c b __malloc_recursive_mutex
001307b4 0000000c B __atexit_recursive_mutex
001307c0 00000004 b heap_start.0
001307c4 00000004 B fake_heap_start
001307c8 00000004 B fake_heap_end
001307cc 00000400 b temp_cwd
00130bcc 00000004 b __hndl_lock
00130bd0 B __tls_start
001317d8 B __bss_end__
001317d8 A __end__
001317d8 B __tls_end
